{"C:\\Users\\kolmy\\OneDrive\\Рабочий стол\\opisanie_ustanovki\\src\\healthChecker.js": {"path":"C:\\Users\\kolmy\\OneDrive\\Рабочий стол\\opisanie_ustanovki\\src\\healthChecker.js","statementMap":{"0":{"start":{"line":2,"column":4},"end":{"line":8,"column":5}},"1":{"start":{"line":3,"column":6},"end":{"line":3,"column":23}},"2":{"start":{"line":4,"column":11},"end":{"line":8,"column":5}},"3":{"start":{"line":5,"column":6},"end":{"line":5,"column":23}},"4":{"start":{"line":7,"column":6},"end":{"line":7,"column":24}}},"fnMap":{"0":{"name":"healthStatus","decl":{"start":{"line":1,"column":16},"end":{"line":1,"column":28}},"loc":{"start":{"line":1,"column":37},"end":{"line":9,"column":3}},"line":1}},"branchMap":{"0":{"loc":{"start":{"line":2,"column":4},"end":{"line":8,"column":5}},"type":"if","locations":[{"start":{"line":2,"column":4},"end":{"line":8,"column":5}},{"start":{"line":4,"column":11},"end":{"line":8,"column":5}}],"line":2},"1":{"loc":{"start":{"line":4,"column":11},"end":{"line":8,"column":5}},"type":"if","locations":[{"start":{"line":4,"column":11},"end":{"line":8,"column":5}},{"start":{"line":6,"column":11},"end":{"line":8,"column":5}}],"line":4}},"s":{"0":8,"1":2,"2":6,"3":3,"4":3},"f":{"0":8},"b":{"0":[2,6],"1":[3,3]},"_coverageSchema":"1a1c01bbd47fc00a2c39e90264f33305004495a9","hash":"210815eb0c12f3769f40383142a1f630131a9ad9"}
}
